D:\C++\C++\EPBGIT\LIBCSTL\BIN\CSTL_HASH_MAP_ITERATOR.OBJ
D:\C++\C++\EPBGIT\LIBCSTL\BIN\CSTL_HASH_MAP_AUX.OBJ
D:\C++\C++\EPBGIT\LIBCSTL\BIN\CSTL_HASH_MAP.OBJ
D:\C++\C++\EPBGIT\LIBCSTL\BIN\CSTL_FUNCTION.OBJ
D:\C++\C++\EPBGIT\LIBCSTL\BIN\CSTL_DEQUE_PRIVATE.OBJ
D:\C++\C++\EPBGIT\LIBCSTL\BIN\CSTL_DEQUE_ITERATOR.OBJ
D:\C++\C++\EPBGIT\LIBCSTL\BIN\CSTL_DEQUE_AUX.OBJ
D:\C++\C++\EPBGIT\LIBCSTL\BIN\CSTL_DEQUE.OBJ
D:\C++\C++\EPBGIT\LIBCSTL\BIN\CSTL_BASIC_STRING_PRIVATE.OBJ
D:\C++\C++\EPBGIT\LIBCSTL\BIN\CSTL_BASIC_STRING_ITERATOR.OBJ
D:\C++\C++\EPBGIT\LIBCSTL\BIN\CSTL_BASIC_STRING_AUX.OBJ
D:\C++\C++\EPBGIT\LIBCSTL\BIN\CSTL_BASIC_STRING.OBJ
D:\C++\C++\EPBGIT\LIBCSTL\BIN\CSTL_AVL_TREE_PRIVATE.OBJ
D:\C++\C++\EPBGIT\LIBCSTL\BIN\CSTL_AVL_TREE_ITERATOR.OBJ
D:\C++\C++\EPBGIT\LIBCSTL\BIN\CSTL_AVL_TREE_AUX.OBJ
D:\C++\C++\EPBGIT\LIBCSTL\BIN\CSTL_AVL_TREE.OBJ
D:\C++\C++\EPBGIT\LIBCSTL\BIN\CSTL_ALLOC_AUX.OBJ
D:\C++\C++\EPBGIT\LIBCSTL\BIN\CSTL_ALLOC.OBJ
D:\C++\C++\EPBGIT\LIBCSTL\BIN\CSTL_ALGOBASE.OBJ
D:\C++\C++\EPBGIT\LIBCSTL\BIN\CSTL_ALGO.OBJ
D:\C++\C++\EPBGIT\LIBCSTL\BIN\CSTL_ITERATOR_PRIVATE.OBJ
D:\C++\C++\EPBGIT\LIBCSTL\BIN\CSTL_ITERATOR.OBJ
D:\C++\C++\EPBGIT\LIBCSTL\BIN\CSTL_HEAP.OBJ
D:\C++\C++\EPBGIT\LIBCSTL\BIN\CSTL_HASHTABLE_PRIVATE.OBJ
D:\C++\C++\EPBGIT\LIBCSTL\BIN\CSTL_HASHTABLE_ITERATOR.OBJ
D:\C++\C++\EPBGIT\LIBCSTL\BIN\CSTL_HASHTABLE_AUX.OBJ
D:\C++\C++\EPBGIT\LIBCSTL\BIN\CSTL_HASHTABLE.OBJ
D:\C++\C++\EPBGIT\LIBCSTL\BIN\CSTL_HASH_SET_PRIVATE.OBJ
D:\C++\C++\EPBGIT\LIBCSTL\BIN\CSTL_HASH_SET_ITERATOR.OBJ
D:\C++\C++\EPBGIT\LIBCSTL\BIN\CSTL_HASH_SET_AUX.OBJ
D:\C++\C++\EPBGIT\LIBCSTL\BIN\CSTL_HASH_SET.OBJ
D:\C++\C++\EPBGIT\LIBCSTL\BIN\CSTL_HASH_MULTISET_PRIVATE.OBJ
D:\C++\C++\EPBGIT\LIBCSTL\BIN\CSTL_HASH_MULTISET_ITERATOR.OBJ
D:\C++\C++\EPBGIT\LIBCSTL\BIN\CSTL_HASH_MULTISET_AUX.OBJ
D:\C++\C++\EPBGIT\LIBCSTL\BIN\CSTL_HASH_MULTISET.OBJ
D:\C++\C++\EPBGIT\LIBCSTL\BIN\CSTL_HASH_MULTIMAP_PRIVATE.OBJ
D:\C++\C++\EPBGIT\LIBCSTL\BIN\CSTL_HASH_MULTIMAP_ITERATOR.OBJ
D:\C++\C++\EPBGIT\LIBCSTL\BIN\CSTL_HASH_MULTIMAP_AUX.OBJ
D:\C++\C++\EPBGIT\LIBCSTL\BIN\CSTL_HASH_MULTIMAP.OBJ
D:\C++\C++\EPBGIT\LIBCSTL\BIN\CSTL_HASH_MAP_PRIVATE.OBJ
D:\C++\C++\EPBGIT\LIBCSTL\BIN\CSTL_PAIR_PRIVATE.OBJ
D:\C++\C++\EPBGIT\LIBCSTL\BIN\CSTL_PAIR_AUX.OBJ
D:\C++\C++\EPBGIT\LIBCSTL\BIN\CSTL_PAIR.OBJ
D:\C++\C++\EPBGIT\LIBCSTL\BIN\CSTL_NUMERIC.OBJ
D:\C++\C++\EPBGIT\LIBCSTL\BIN\CSTL_MULTISET_PRIVATE.OBJ
D:\C++\C++\EPBGIT\LIBCSTL\BIN\CSTL_MULTISET_ITERATOR.OBJ
D:\C++\C++\EPBGIT\LIBCSTL\BIN\CSTL_MULTISET_AUX.OBJ
D:\C++\C++\EPBGIT\LIBCSTL\BIN\CSTL_MULTISET.OBJ
D:\C++\C++\EPBGIT\LIBCSTL\BIN\CSTL_MULTIMAP_PRIVATE.OBJ
D:\C++\C++\EPBGIT\LIBCSTL\BIN\CSTL_MULTIMAP_ITERATOR.OBJ
D:\C++\C++\EPBGIT\LIBCSTL\BIN\CSTL_MULTIMAP_AUX.OBJ
D:\C++\C++\EPBGIT\LIBCSTL\BIN\CSTL_MULTIMAP.OBJ
D:\C++\C++\EPBGIT\LIBCSTL\BIN\CSTL_MAP_PRIVATE.OBJ
D:\C++\C++\EPBGIT\LIBCSTL\BIN\CSTL_MAP_ITERATOR.OBJ
D:\C++\C++\EPBGIT\LIBCSTL\BIN\CSTL_MAP_AUX.OBJ
D:\C++\C++\EPBGIT\LIBCSTL\BIN\CSTL_MAP.OBJ
D:\C++\C++\EPBGIT\LIBCSTL\BIN\CSTL_LIST_PRIVATE.OBJ
D:\C++\C++\EPBGIT\LIBCSTL\BIN\CSTL_LIST_ITERATOR.OBJ
D:\C++\C++\EPBGIT\LIBCSTL\BIN\CSTL_LIST_AUX.OBJ
D:\C++\C++\EPBGIT\LIBCSTL\BIN\CSTL_LIST.OBJ
D:\C++\C++\EPBGIT\LIBCSTL\BIN\CSTL_STRING_PRIVATE.OBJ
D:\C++\C++\EPBGIT\LIBCSTL\BIN\CSTL_STRING.OBJ
D:\C++\C++\EPBGIT\LIBCSTL\BIN\CSTL_STACK_PRIVATE.OBJ
D:\C++\C++\EPBGIT\LIBCSTL\BIN\CSTL_STACK.OBJ
D:\C++\C++\EPBGIT\LIBCSTL\BIN\CSTL_SLIST_PRIVATE.OBJ
D:\C++\C++\EPBGIT\LIBCSTL\BIN\CSTL_SLIST_ITERATOR.OBJ
D:\C++\C++\EPBGIT\LIBCSTL\BIN\CSTL_SLIST_AUX.OBJ
D:\C++\C++\EPBGIT\LIBCSTL\BIN\CSTL_SLIST.OBJ
D:\C++\C++\EPBGIT\LIBCSTL\BIN\CSTL_SET_PRIVATE.OBJ
D:\C++\C++\EPBGIT\LIBCSTL\BIN\CSTL_SET_ITERATOR.OBJ
D:\C++\C++\EPBGIT\LIBCSTL\BIN\CSTL_SET_AUX.OBJ
D:\C++\C++\EPBGIT\LIBCSTL\BIN\CSTL_SET.OBJ
D:\C++\C++\EPBGIT\LIBCSTL\BIN\CSTL_RB_TREE_PRIVATE.OBJ
D:\C++\C++\EPBGIT\LIBCSTL\BIN\CSTL_RB_TREE_ITERATOR.OBJ
D:\C++\C++\EPBGIT\LIBCSTL\BIN\CSTL_RB_TREE_AUX.OBJ
D:\C++\C++\EPBGIT\LIBCSTL\BIN\CSTL_RB_TREE.OBJ
D:\C++\C++\EPBGIT\LIBCSTL\BIN\CSTL_QUEUE_PRIVATE.OBJ
D:\C++\C++\EPBGIT\LIBCSTL\BIN\CSTL_QUEUE.OBJ
D:\C++\C++\EPBGIT\LIBCSTL\BIN\CSTL_PRIORITY_QUEUE_PRIVATE.OBJ
D:\C++\C++\EPBGIT\LIBCSTL\BIN\CSTL_PRIORITY_QUEUE.OBJ
D:\C++\C++\EPBGIT\LIBCSTL\BIN\CSTL_VECTOR_PRIVATE.OBJ
D:\C++\C++\EPBGIT\LIBCSTL\BIN\CSTL_VECTOR_ITERATOR.OBJ
D:\C++\C++\EPBGIT\LIBCSTL\BIN\CSTL_VECTOR_AUX.OBJ
D:\C++\C++\EPBGIT\LIBCSTL\BIN\CSTL_VECTOR.OBJ
D:\C++\C++\EPBGIT\LIBCSTL\BIN\CSTL_TYPES_PARSE.OBJ
D:\C++\C++\EPBGIT\LIBCSTL\BIN\CSTL_TYPES_BUILTIN.OBJ
D:\C++\C++\EPBGIT\LIBCSTL\BIN\CSTL_TYPES_AUX.OBJ
D:\C++\C++\EPBGIT\LIBCSTL\BIN\CSTL_TYPES.OBJ
D:\C++\C++\EPBGIT\LIBCSTL\BIN\VC110.PDB
D:\C++\C++\EPBGIT\LIBCSTL\BIN\LIBCSTL.LIB
D:\C++\C++\EPBGIT\LIBCSTL\BIN\LIBCSTL.RES
D:\c++\c++\epbgit\libcstl\bin\cstl_algo.obj
D:\c++\c++\epbgit\libcstl\bin\cstl_algobase.obj
D:\c++\c++\epbgit\libcstl\bin\cstl_alloc.obj
D:\c++\c++\epbgit\libcstl\bin\cstl_alloc_aux.obj
D:\c++\c++\epbgit\libcstl\bin\cstl_avl_tree.obj
D:\c++\c++\epbgit\libcstl\bin\cstl_avl_tree_aux.obj
D:\c++\c++\epbgit\libcstl\bin\cstl_avl_tree_iterator.obj
D:\c++\c++\epbgit\libcstl\bin\cstl_avl_tree_private.obj
D:\c++\c++\epbgit\libcstl\bin\cstl_basic_string.obj
D:\c++\c++\epbgit\libcstl\bin\cstl_basic_string_aux.obj
D:\c++\c++\epbgit\libcstl\bin\cstl_basic_string_iterator.obj
D:\c++\c++\epbgit\libcstl\bin\cstl_basic_string_private.obj
D:\c++\c++\epbgit\libcstl\bin\cstl_deque.obj
D:\c++\c++\epbgit\libcstl\bin\cstl_deque_aux.obj
D:\c++\c++\epbgit\libcstl\bin\cstl_deque_iterator.obj
D:\c++\c++\epbgit\libcstl\bin\cstl_deque_private.obj
D:\c++\c++\epbgit\libcstl\bin\cstl_function.obj
D:\c++\c++\epbgit\libcstl\bin\cstl_hashtable.obj
D:\c++\c++\epbgit\libcstl\bin\cstl_hashtable_aux.obj
D:\c++\c++\epbgit\libcstl\bin\cstl_hashtable_iterator.obj
D:\c++\c++\epbgit\libcstl\bin\cstl_hashtable_private.obj
D:\c++\c++\epbgit\libcstl\bin\cstl_hash_map.obj
D:\c++\c++\epbgit\libcstl\bin\cstl_hash_map_aux.obj
D:\c++\c++\epbgit\libcstl\bin\cstl_hash_map_iterator.obj
D:\c++\c++\epbgit\libcstl\bin\cstl_hash_map_private.obj
D:\c++\c++\epbgit\libcstl\bin\cstl_hash_multimap.obj
D:\c++\c++\epbgit\libcstl\bin\cstl_hash_multimap_aux.obj
D:\c++\c++\epbgit\libcstl\bin\cstl_hash_multimap_iterator.obj
D:\c++\c++\epbgit\libcstl\bin\cstl_hash_multimap_private.obj
D:\c++\c++\epbgit\libcstl\bin\cstl_hash_multiset.obj
D:\c++\c++\epbgit\libcstl\bin\cstl_hash_multiset_aux.obj
D:\c++\c++\epbgit\libcstl\bin\cstl_hash_multiset_iterator.obj
D:\c++\c++\epbgit\libcstl\bin\cstl_hash_multiset_private.obj
D:\c++\c++\epbgit\libcstl\bin\cstl_hash_set.obj
D:\c++\c++\epbgit\libcstl\bin\cstl_hash_set_aux.obj
D:\c++\c++\epbgit\libcstl\bin\cstl_hash_set_iterator.obj
D:\c++\c++\epbgit\libcstl\bin\cstl_hash_set_private.obj
D:\c++\c++\epbgit\libcstl\bin\cstl_heap.obj
D:\c++\c++\epbgit\libcstl\bin\cstl_iterator.obj
D:\c++\c++\epbgit\libcstl\bin\cstl_iterator_private.obj
D:\c++\c++\epbgit\libcstl\bin\cstl_list.obj
D:\c++\c++\epbgit\libcstl\bin\cstl_list_aux.obj
D:\c++\c++\epbgit\libcstl\bin\cstl_list_iterator.obj
D:\c++\c++\epbgit\libcstl\bin\cstl_list_private.obj
D:\c++\c++\epbgit\libcstl\bin\cstl_map.obj
D:\c++\c++\epbgit\libcstl\bin\cstl_map_aux.obj
D:\c++\c++\epbgit\libcstl\bin\cstl_map_iterator.obj
D:\c++\c++\epbgit\libcstl\bin\cstl_map_private.obj
D:\c++\c++\epbgit\libcstl\bin\cstl_multimap.obj
D:\c++\c++\epbgit\libcstl\bin\cstl_multimap_aux.obj
D:\c++\c++\epbgit\libcstl\bin\cstl_multimap_iterator.obj
D:\c++\c++\epbgit\libcstl\bin\cstl_multimap_private.obj
D:\c++\c++\epbgit\libcstl\bin\cstl_multiset.obj
D:\c++\c++\epbgit\libcstl\bin\cstl_multiset_aux.obj
D:\c++\c++\epbgit\libcstl\bin\cstl_multiset_iterator.obj
D:\c++\c++\epbgit\libcstl\bin\cstl_multiset_private.obj
D:\c++\c++\epbgit\libcstl\bin\cstl_numeric.obj
D:\c++\c++\epbgit\libcstl\bin\cstl_pair.obj
D:\c++\c++\epbgit\libcstl\bin\cstl_pair_aux.obj
D:\c++\c++\epbgit\libcstl\bin\cstl_pair_private.obj
D:\c++\c++\epbgit\libcstl\bin\cstl_priority_queue.obj
D:\c++\c++\epbgit\libcstl\bin\cstl_priority_queue_private.obj
D:\c++\c++\epbgit\libcstl\bin\cstl_queue.obj
D:\c++\c++\epbgit\libcstl\bin\cstl_queue_private.obj
D:\c++\c++\epbgit\libcstl\bin\cstl_rb_tree.obj
D:\c++\c++\epbgit\libcstl\bin\cstl_rb_tree_aux.obj
D:\c++\c++\epbgit\libcstl\bin\cstl_rb_tree_iterator.obj
D:\c++\c++\epbgit\libcstl\bin\cstl_rb_tree_private.obj
D:\c++\c++\epbgit\libcstl\bin\cstl_set.obj
D:\c++\c++\epbgit\libcstl\bin\cstl_set_aux.obj
D:\c++\c++\epbgit\libcstl\bin\cstl_set_iterator.obj
D:\c++\c++\epbgit\libcstl\bin\cstl_set_private.obj
D:\c++\c++\epbgit\libcstl\bin\cstl_slist.obj
D:\c++\c++\epbgit\libcstl\bin\cstl_slist_aux.obj
D:\c++\c++\epbgit\libcstl\bin\cstl_slist_iterator.obj
D:\c++\c++\epbgit\libcstl\bin\cstl_slist_private.obj
D:\c++\c++\epbgit\libcstl\bin\cstl_stack.obj
D:\c++\c++\epbgit\libcstl\bin\cstl_stack_private.obj
D:\c++\c++\epbgit\libcstl\bin\cstl_string.obj
D:\c++\c++\epbgit\libcstl\bin\cstl_string_private.obj
D:\c++\c++\epbgit\libcstl\bin\cstl_types.obj
D:\c++\c++\epbgit\libcstl\bin\cstl_types_aux.obj
D:\c++\c++\epbgit\libcstl\bin\cstl_types_builtin.obj
D:\c++\c++\epbgit\libcstl\bin\cstl_types_parse.obj
D:\c++\c++\epbgit\libcstl\bin\cstl_vector.obj
D:\c++\c++\epbgit\libcstl\bin\cstl_vector_aux.obj
D:\c++\c++\epbgit\libcstl\bin\cstl_vector_iterator.obj
D:\c++\c++\epbgit\libcstl\bin\cstl_vector_private.obj
D:\c++\c++\epbgit\libcstl\bin\cl.command.1.tlog
D:\c++\c++\epbgit\libcstl\bin\CL.read.1.tlog
D:\c++\c++\epbgit\libcstl\bin\CL.write.1.tlog
D:\c++\c++\epbgit\libcstl\bin\Lib-link-cvtres.read.1.tlog
D:\c++\c++\epbgit\libcstl\bin\Lib-link-cvtres.write.1.tlog
D:\c++\c++\epbgit\libcstl\bin\Lib-link.read.1.tlog
D:\c++\c++\epbgit\libcstl\bin\Lib-link.write.1.tlog
D:\c++\c++\epbgit\libcstl\bin\lib.command.1.tlog
D:\c++\c++\epbgit\libcstl\bin\rc.command.1.tlog
D:\c++\c++\epbgit\libcstl\bin\rc.read.1.tlog
D:\c++\c++\epbgit\libcstl\bin\rc.write.1.tlog
D:\c++\c++\epbgit\libcstl\bin\libcstl.res
D:\c++\c++\epbgit\libcstl\bin\vc110.pdb
D:\c++\c++\epbgit\libcstl\build-win\vc9\../../bin\libcstl.lib
