已經開始建置於 2013/3/22 下午 12:25:55。
     1>節點 2 (Build 目標) 上的專案 "D:\c++\c++\epbgit\libcstl\build-win\vc9\libcstl.vcxproj"。
     1>ClCompile:
         C:\Program Files (x86)\Microsoft Visual Studio 10.0\VC\bin\CL.exe /c /I../../ /Zi /nologo /W4 /WX- /O2 /Oi /Oy- /GL /D WIN32 /D NDEBUG /D _CONSOLE /D _USRDLL /D LIBCSTL_EXPORTS /D _UNICODE /D UNICODE /Gm- /EHsc /MD /GS /Gy- /fp:precise /Zc:wchar_t /Zc:forScope /Fo"../../bin\\" /Fd"../../bin\vc100.pdb" /Gd /TC /wd4267 /wd4996 /wd4244 /analyze- /errorReport:prompt ..\..\src\cstl_algo.c ..\..\src\cstl_algobase.c ..\..\src\cstl_alloc.c ..\..\src\cstl_alloc_aux.c ..\..\src\cstl_avl_tree.c ..\..\src\cstl_avl_tree_aux.c ..\..\src\cstl_avl_tree_iterator.c ..\..\src\cstl_avl_tree_private.c ..\..\src\cstl_basic_string.c ..\..\src\cstl_basic_string_aux.c ..\..\src\cstl_basic_string_iterator.c ..\..\src\cstl_basic_string_private.c ..\..\src\cstl_deque.c ..\..\src\cstl_deque_aux.c ..\..\src\cstl_deque_iterator.c ..\..\src\cstl_deque_private.c ..\..\src\cstl_function.c ..\..\src\cstl_hash_map.c ..\..\src\cstl_hash_map_aux.c ..\..\src\cstl_hash_map_iterator.c ..\..\src\cstl_hash_map_private.c ..\..\src\cstl_hash_multimap.c ..\..\src\cstl_hash_multimap_aux.c ..\..\src\cstl_hash_multimap_iterator.c ..\..\src\cstl_hash_multimap_private.c ..\..\src\cstl_hash_multiset.c ..\..\src\cstl_hash_multiset_aux.c ..\..\src\cstl_hash_multiset_iterator.c ..\..\src\cstl_hash_multiset_private.c ..\..\src\cstl_hash_set.c ..\..\src\cstl_hash_set_aux.c ..\..\src\cstl_hash_set_iterator.c ..\..\src\cstl_hash_set_private.c ..\..\src\cstl_hashtable.c ..\..\src\cstl_hashtable_aux.c ..\..\src\cstl_hashtable_iterator.c ..\..\src\cstl_hashtable_private.c ..\..\src\cstl_heap.c ..\..\src\cstl_iterator.c ..\..\src\cstl_iterator_private.c ..\..\src\cstl_list.c ..\..\src\cstl_list_aux.c ..\..\src\cstl_list_iterator.c ..\..\src\cstl_list_private.c ..\..\src\cstl_map.c ..\..\src\cstl_map_aux.c ..\..\src\cstl_map_iterator.c ..\..\src\cstl_map_private.c ..\..\src\cstl_multimap.c ..\..\src\cstl_multimap_aux.c ..\..\src\cstl_multimap_iterator.c ..\..\src\cstl_multimap_private.c ..\..\src\cstl_multiset.c ..\..\src\cstl_multiset_aux.c ..\..\src\cstl_multiset_iterator.c ..\..\src\cstl_multiset_private.c ..\..\src\cstl_numeric.c ..\..\src\cstl_pair.c ..\..\src\cstl_pair_aux.c ..\..\src\cstl_pair_private.c ..\..\src\cstl_priority_queue.c ..\..\src\cstl_priority_queue_private.c ..\..\src\cstl_queue.c ..\..\src\cstl_queue_private.c ..\..\src\cstl_rb_tree.c ..\..\src\cstl_rb_tree_aux.c ..\..\src\cstl_rb_tree_iterator.c ..\..\src\cstl_rb_tree_private.c ..\..\src\cstl_set.c ..\..\src\cstl_set_aux.c ..\..\src\cstl_set_iterator.c ..\..\src\cstl_set_private.c ..\..\src\cstl_slist.c ..\..\src\cstl_slist_aux.c ..\..\src\cstl_slist_iterator.c ..\..\src\cstl_slist_private.c ..\..\src\cstl_stack.c ..\..\src\cstl_stack_private.c ..\..\src\cstl_string.c ..\..\src\cstl_string_private.c ..\..\src\cstl_types.c ..\..\src\cstl_types_aux.c ..\..\src\cstl_types_builtin.c ..\..\src\cstl_types_parse.c ..\..\src\cstl_vector.c ..\..\src\cstl_vector_aux.c ..\..\src\cstl_vector_iterator.c ..\..\src\cstl_vector_private.c
         cstl_algo.c
         cstl_algobase.c
         cstl_alloc.c
         cstl_alloc_aux.c
         cstl_avl_tree.c
         cstl_avl_tree_aux.c
         cstl_avl_tree_iterator.c
         cstl_avl_tree_private.c
         cstl_basic_string.c
         cstl_basic_string_aux.c
         cstl_basic_string_iterator.c
         cstl_basic_string_private.c
         cstl_deque.c
         cstl_deque_aux.c
         cstl_deque_iterator.c
         cstl_deque_private.c
         cstl_function.c
         cstl_hash_map.c
         cstl_hash_map_aux.c
         cstl_hash_map_iterator.c
         正在編譯...
         cstl_hash_map_private.c
         cstl_hash_multimap.c
         cstl_hash_multimap_aux.c
         cstl_hash_multimap_iterator.c
         cstl_hash_multimap_private.c
         cstl_hash_multiset.c
         cstl_hash_multiset_aux.c
         cstl_hash_multiset_iterator.c
         cstl_hash_multiset_private.c
         cstl_hash_set.c
         cstl_hash_set_aux.c
         cstl_hash_set_iterator.c
         cstl_hash_set_private.c
         cstl_hashtable.c
         cstl_hashtable_aux.c
         cstl_hashtable_iterator.c
         cstl_hashtable_private.c
         cstl_heap.c
         cstl_iterator.c
         cstl_iterator_private.c
         正在編譯...
         cstl_list.c
         cstl_list_aux.c
         cstl_list_iterator.c
         cstl_list_private.c
         cstl_map.c
         cstl_map_aux.c
         cstl_map_iterator.c
         cstl_map_private.c
         cstl_multimap.c
         cstl_multimap_aux.c
         cstl_multimap_iterator.c
         cstl_multimap_private.c
         cstl_multiset.c
         cstl_multiset_aux.c
         cstl_multiset_iterator.c
         cstl_multiset_private.c
         cstl_numeric.c
         cstl_pair.c
         cstl_pair_aux.c
         cstl_pair_private.c
         正在編譯...
         cstl_priority_queue.c
         cstl_priority_queue_private.c
         cstl_queue.c
         cstl_queue_private.c
         cstl_rb_tree.c
         cstl_rb_tree_aux.c
         cstl_rb_tree_iterator.c
         cstl_rb_tree_private.c
         cstl_set.c
         cstl_set_aux.c
         cstl_set_iterator.c
         cstl_set_private.c
         cstl_slist.c
         cstl_slist_aux.c
         cstl_slist_iterator.c
         cstl_slist_private.c
         cstl_stack.c
         cstl_stack_private.c
         cstl_string.c
         cstl_string_private.c
         正在編譯...
         cstl_types.c
         cstl_types_aux.c
         cstl_types_builtin.c
         cstl_types_parse.c
         cstl_vector.c
         cstl_vector_aux.c
         cstl_vector_iterator.c
         cstl_vector_private.c
       ResourceCompile:
         C:\Program Files (x86)\Microsoft SDKs\Windows\v7.0A\bin\rc.exe /D _UNICODE /D UNICODE /l"0x0409" /nologo /fo"../../bin\libcstl.res" ..\libcstl.rc 
       Lib:
         C:\Program Files (x86)\Microsoft Visual Studio 10.0\VC\bin\Lib.exe /OUT:"../../bin\libcstl.lib" /NOLOGO /LTCG ../../bin\libcstl.res
         ../../bin\cstl_algo.obj
         ../../bin\cstl_algobase.obj
         ../../bin\cstl_alloc.obj
         ../../bin\cstl_alloc_aux.obj
         ../../bin\cstl_avl_tree.obj
         ../../bin\cstl_avl_tree_aux.obj
         ../../bin\cstl_avl_tree_iterator.obj
         ../../bin\cstl_avl_tree_private.obj
         ../../bin\cstl_basic_string.obj
         ../../bin\cstl_basic_string_aux.obj
         ../../bin\cstl_basic_string_iterator.obj
         ../../bin\cstl_basic_string_private.obj
         ../../bin\cstl_deque.obj
         ../../bin\cstl_deque_aux.obj
         ../../bin\cstl_deque_iterator.obj
         ../../bin\cstl_deque_private.obj
         ../../bin\cstl_function.obj
         ../../bin\cstl_hash_map.obj
         ../../bin\cstl_hash_map_aux.obj
         ../../bin\cstl_hash_map_iterator.obj
         ../../bin\cstl_hash_map_private.obj
         ../../bin\cstl_hash_multimap.obj
         ../../bin\cstl_hash_multimap_aux.obj
         ../../bin\cstl_hash_multimap_iterator.obj
         ../../bin\cstl_hash_multimap_private.obj
         ../../bin\cstl_hash_multiset.obj
         ../../bin\cstl_hash_multiset_aux.obj
         ../../bin\cstl_hash_multiset_iterator.obj
         ../../bin\cstl_hash_multiset_private.obj
         ../../bin\cstl_hash_set.obj
         ../../bin\cstl_hash_set_aux.obj
         ../../bin\cstl_hash_set_iterator.obj
         ../../bin\cstl_hash_set_private.obj
         ../../bin\cstl_hashtable.obj
         ../../bin\cstl_hashtable_aux.obj
         ../../bin\cstl_hashtable_iterator.obj
         ../../bin\cstl_hashtable_private.obj
         ../../bin\cstl_heap.obj
         ../../bin\cstl_iterator.obj
         ../../bin\cstl_iterator_private.obj
         ../../bin\cstl_list.obj
         ../../bin\cstl_list_aux.obj
         ../../bin\cstl_list_iterator.obj
         ../../bin\cstl_list_private.obj
         ../../bin\cstl_map.obj
         ../../bin\cstl_map_aux.obj
         ../../bin\cstl_map_iterator.obj
         ../../bin\cstl_map_private.obj
         ../../bin\cstl_multimap.obj
         ../../bin\cstl_multimap_aux.obj
         ../../bin\cstl_multimap_iterator.obj
         ../../bin\cstl_multimap_private.obj
         ../../bin\cstl_multiset.obj
         ../../bin\cstl_multiset_aux.obj
         ../../bin\cstl_multiset_iterator.obj
         ../../bin\cstl_multiset_private.obj
         ../../bin\cstl_numeric.obj
         ../../bin\cstl_pair.obj
         ../../bin\cstl_pair_aux.obj
         ../../bin\cstl_pair_private.obj
         ../../bin\cstl_priority_queue.obj
         ../../bin\cstl_priority_queue_private.obj
         ../../bin\cstl_queue.obj
         ../../bin\cstl_queue_private.obj
         ../../bin\cstl_rb_tree.obj
         ../../bin\cstl_rb_tree_aux.obj
         ../../bin\cstl_rb_tree_iterator.obj
         ../../bin\cstl_rb_tree_private.obj
         ../../bin\cstl_set.obj
         ../../bin\cstl_set_aux.obj
         ../../bin\cstl_set_iterator.obj
         ../../bin\cstl_set_private.obj
         ../../bin\cstl_slist.obj
         ../../bin\cstl_slist_aux.obj
         ../../bin\cstl_slist_iterator.obj
         ../../bin\cstl_slist_private.obj
         ../../bin\cstl_stack.obj
         ../../bin\cstl_stack_private.obj
         ../../bin\cstl_string.obj
         ../../bin\cstl_string_private.obj
         ../../bin\cstl_types.obj
         ../../bin\cstl_types_aux.obj
         ../../bin\cstl_types_builtin.obj
         ../../bin\cstl_types_parse.obj
         ../../bin\cstl_vector.obj
         ../../bin\cstl_vector_aux.obj
         ../../bin\cstl_vector_iterator.obj
         ../../bin\cstl_vector_private.obj
     1>LINK : warning LNK4068: 未指定 /MACHINE，預設為 X86
         libcstl.vcxproj -> D:\c++\c++\epbgit\libcstl\build-win\vc9\../../bin\libcstl.lib
     1>專案 "D:\c++\c++\epbgit\libcstl\build-win\vc9\libcstl.vcxproj" (Build 目標) 建置完成。

建置成功。

經過時間 00:00:04.40
